🪞 Mirror Base Check — Tue Nov 11 12:32:50 UTC 2025
Commit count: 1
Last commit: 583778c Deliver: move outbox lines to data/replies.jsonl and clear outbox (35 minutes ago)
---
🪞 Mirror Base Check — Wed Nov 12 01:13:42 UTC 2025
Commit count: 1
Last commit: dc3b6d2 Create portrait_adaptor.py (2 minutes ago)
---
🪞 Mirror Base Check — Wed Nov 12 11:40:31 UTC 2025
Commit count: 1
Last commit: 1ee1c41 Ingest: mirror latest PNG and update heartbeat (45 seconds ago)
---
🪞 Mirror Base Check — Wed Nov 12 12:33:28 UTC 2025
Commit count: 1
Last commit: ee852be Create fix-all-workflows.yml (11 minutes ago)
---
🪞 Mirror Base Check — Thu Nov 13 01:14:27 UTC 2025
Commit count: 1
Last commit: 9b34f3b Deliver: move outbox lines to data/replies.jsonl and clear outbox (19 minutes ago)
---
🪞 Mirror Base Check — Thu Nov 13 12:34:16 UTC 2025
Commit count: 1
Last commit: 67ec067 global-queue: pop 1 (controller) (11 minutes ago)
---
